<?xml version="1.0" encoding="UTF-8"?>
<robot generator="Robot 4.0 (Python 3.9.4 on win32)" generated="20210505 18:00:32.477" rpa="false" schemaversion="2">
<suite id="s1" name="Login" source="C:\Users\Backup\Documentos\Meus repositorios\AutomacaoRobot-Parodify\rfw\parodify\login.robot">
<test id="s1-t1" name="Login com sucesso">
<kw name="New Page" library="Browser">
<arg>https://parodify.herokuapp.com/users/sign_in</arg>
<tag>BrowserControl</tag>
<tag>Setter</tag>
<doc>Open a new Page. A Page is the Playwright equivalent to a tab.
See `Browser, Context and Page` for more information about Page concept.
Returns a stable identifier for the created page.</doc>
<msg timestamp="20210505 18:00:40.882" level="INFO">Successfully initialized new page object and opened url: https://parodify.herokuapp.com/users/sign_in</msg>
<status status="PASS" starttime="20210505 18:00:36.366" endtime="20210505 18:00:40.882"/>
</kw>
<kw name="Get Text" library="Browser">
<arg>label[for="user_email"]</arg>
<arg>contains</arg>
<arg>Email</arg>
<tag>Assertion</tag>
<tag>Getter</tag>
<tag>PageContent</tag>
<doc>Returns text attribute of the element found by ``selector``.
See the `Finding elements` section for details about the selectors.</doc>
<status status="PASS" starttime="20210505 18:00:40.883" endtime="20210505 18:00:40.944"/>
</kw>
<status status="PASS" starttime="20210505 18:00:36.364" endtime="20210505 18:00:40.945"/>
</test>
<doc>Testes da página login</doc>
<status status="PASS" starttime="20210505 18:00:32.479" endtime="20210505 18:00:40.983"/>
</suite>
<statistics>
<total>
<stat pass="1" fail="0" skip="0">All Tests</stat>
</total>
<tag>
</tag>
<suite>
<stat pass="1" fail="0" skip="0" id="s1" name="Login">Login</stat>
</suite>
</statistics>
<errors>
</errors>
</robot>
