<?xml version="1.0" encoding="UTF-8"?>
<robot generator="Robot 4.0 (Python 3.9.4 on win32)" generated="20210505 18:43:06.231" rpa="false" schemaversion="2">
<suite id="s1" name="Login" source="C:\Users\Backup\Documentos\Meus repositorios\AutomacaoRobot-Parodify\rfw\parodify\login.robot">
<test id="s1-t1" name="Login com sucesso">
<kw name="New Page" library="Browser">
<arg>https://parodify.herokuapp.com/users/sign_in</arg>
<tag>BrowserControl</tag>
<tag>Setter</tag>
<doc>Open a new Page. A Page is the Playwright equivalent to a tab.
See `Browser, Context and Page` for more information about Page concept.
Returns a stable identifier for the created page.</doc>
<msg timestamp="20210505 18:43:14.287" level="INFO">Successfully initialized new page object and opened url: https://parodify.herokuapp.com/users/sign_in</msg>
<status status="PASS" starttime="20210505 18:43:09.677" endtime="20210505 18:43:14.288"/>
</kw>
<kw name="Get Text" library="Browser">
<arg>label[for="user_email"]</arg>
<arg>contains</arg>
<arg>Email</arg>
<tag>Assertion</tag>
<tag>Getter</tag>
<tag>PageContent</tag>
<doc>Returns text attribute of the element found by ``selector``.
See the `Finding elements` section for details about the selectors.</doc>
<status status="PASS" starttime="20210505 18:43:14.290" endtime="20210505 18:43:14.380"/>
</kw>
<kw name="Fill Text" library="Browser">
<arg>input[id="user_email"]</arg>
<arg>quintilianoteste@gmail.com</arg>
<tag>PageContent</tag>
<tag>Setter</tag>
<doc>Clears and fills the given ``text`` into the text field found by ``selector``.</doc>
<msg timestamp="20210505 18:43:14.381" level="INFO">Fills the text 'quintilianoteste@gmail.com' in the given field.</msg>
<status status="PASS" starttime="20210505 18:43:14.381" endtime="20210505 18:43:14.416"/>
</kw>
<kw name="Get Text" library="Browser">
<arg>label[for="user_Senha secreta"]</arg>
<arg>contains</arg>
<arg>Senha secreta</arg>
<tag>Assertion</tag>
<tag>Getter</tag>
<tag>PageContent</tag>
<doc>Returns text attribute of the element found by ``selector``.
See the `Finding elements` section for details about the selectors.</doc>
<status status="PASS" starttime="20210505 18:43:14.417" endtime="20210505 18:43:14.436"/>
</kw>
<kw name="Fill Text" library="Browser">
<arg>input[id="user_password"]</arg>
<arg>Teste1234</arg>
<tag>PageContent</tag>
<tag>Setter</tag>
<doc>Clears and fills the given ``text`` into the text field found by ``selector``.</doc>
<msg timestamp="20210505 18:43:14.436" level="INFO">Fills the text 'Teste1234' in the given field.</msg>
<status status="PASS" starttime="20210505 18:43:14.436" endtime="20210505 18:43:14.454"/>
</kw>
<kw name="Click" library="Browser">
<arg>input[type="submit"]</arg>
<tag>PageContent</tag>
<tag>Setter</tag>
<doc>Simulates mouse click on the element found by ``selector``.</doc>
<status status="PASS" starttime="20210505 18:43:14.455" endtime="20210505 18:43:14.994"/>
</kw>
<kw name="Wait For Elements State" library="Browser">
<arg>a[href$=sign_out]</arg>
<arg>visible</arg>
<tag>PageContent</tag>
<tag>Wait</tag>
<doc>Waits for the element found by ``selector`` to satisfy state option.</doc>
<msg timestamp="20210505 18:43:15.268" level="INFO">Wait for Element with selector: a[href$=sign_out]</msg>
<status status="PASS" starttime="20210505 18:43:14.995" endtime="20210505 18:43:15.268"/>
</kw>
<status status="PASS" starttime="20210505 18:43:09.673" endtime="20210505 18:43:15.269"/>
</test>
<doc>Testes da página login</doc>
<status status="PASS" starttime="20210505 18:43:06.233" endtime="20210505 18:43:15.304"/>
</suite>
<statistics>
<total>
<stat pass="1" fail="0" skip="0">All Tests</stat>
</total>
<tag>
</tag>
<suite>
<stat pass="1" fail="0" skip="0" id="s1" name="Login">Login</stat>
</suite>
</statistics>
<errors>
</errors>
</robot>
